<?xml version="1.0" encoding="UTF-8"?>
<!-- Generated by org.testng.reporters.JUnitReportReporter -->
<testsuite hostname="Swati" failures="0" tests="3" name="swatikagalkaracademy.Tests.SubmitOrderTest" time="37.635" errors="0" timestamp="2025-03-02T20:03:20 IST" skipped="0">
  <testcase classname="swatikagalkaracademy.Tests.SubmitOrderTest" name="submitOrder" time="17.396"/>
  <testcase classname="swatikagalkaracademy.Tests.SubmitOrderTest" name="orderHistoryTest" time="2.831"/>
  <testcase classname="swatikagalkaracademy.Tests.SubmitOrderTest" name="submitOrder" time="17.408"/>
</testsuite> <!-- swatikagalkaracademy.Tests.SubmitOrderTest -->
